,:,,:,,:,,::,:,:,:::::,::,,,,,,:,,:,,:::,,,,,,,,,,,,,,,:,,,,,,,,,,,,,,,,,,,,,,.,
:,:,:::~:::,,,,,,::,:,:D~,,8,,,7:8DM:8:8,8,8~,,,,:,,,,,,,,,,,,,,,,,,,,,,,.,,,,..
,::,,,,:,,,,,,,,,,,,,,,Z,,+8+,,Z.,,I:+,::+,,~,,,,,,,,,,,,,,,,,,,,,,,,,,,,,,,,,..
:,::,::::,,,,:,:,,:,,,,,:,,,,,:,,,,,,,,,,,,,,,,,,,,,,,,,,,,,,.,,,,,,,,,,,,,,,,..
,,:,,,,,,,,,,,,,,,,::,:,,,,,,,,:,,:,,,,,,,,,,,,,,,,,,,,,,,:,,,,,..,,,,,,,,,,,,,.
,,,,,:,,,,,,,,,,,,,,,,,:,,,,,,,,,,,,,,,,,,,,,,,,,,,.,,,,,,,,,,,,,,,,,...Z.,,.,..
,,,,,,,,,,,,,,,,,,:,::,,,,,,,:,,,,,,,,,,,,,,,,,,,,,,,,.,,,,.,,,,,,.:8IM,,,,,,...
,,,,,,,:,,,,,,,:,,:,::,,:,:,:~,,,,,:,,,,,,,,,,,,,,,,,,,,,,,,,,,=$,~O,,,,,,,,,.,.
,,,,,,,,,,,,,,,,,,,,,,,,,,,,,,,,,,,,,,,,,,,,,,,,,,,.,,,,,,:.N+=8?.,,,,,,,.,,....
,,,,,,,,,,,,,,,,,,,,,,,,,,,,,,,,,,,,,,,,,.,.=8:,,.7,,,..==I7D.,,,,,..,,,,,,.,,..
,:,,,,,:,,,,,:,,,,,,,,,,,,,,,::,,,,,:,,~,ZMZIMI,+,?M=$+:,:,:,,,,,,,,,,,,,,,,.,
,,,,,,,,,,,,,,,,,,,,,,,,,,,,,,,,,,,,~MN$,,$,,OO7I?M.,,,,,,,,,,,,,.,,,,,,,,,,.
,,,,,,,,,,~,,,,,,,,,,,,,,,,,,,,,,,,,OZO8I7=,.7,:,..,,,..,,,,,,...,.,,,,,,,,.
,,,,,,,,,,:,,,,:,,,:::,:,:,,,,,,,,7:7=?D~,:I~,:,:$.,,,,,,,,,,,,,,,,,,,,,,,.,..
,,,,,,,.,,,,,,,,:,,,,,:,:,,,,,,,,,?M=I=:~7.O++:O+Z,,,,,,.,,,,,,,,,,.,,,,,,,,.,.,
,,,,,,,,,,,,,,,,,,,,,,,,,,,,,,,,,~8MZ:?.,O~,,Z+:,,,,,.,,,,,,,,..,,,,,,,,,,..
,,,,,,,,,,,,D,,:,7=,7+,,,:,,,,,,:OM8O,,O,,,,:Z8=:$~~8,,,,,,,,,,,,,,.,,,,,,,,,,..
,,,,,+++?IM?I+::I:Z,,~7+7~O?,++O++0.,:Z:IZMZDI=,,,,,,,,,,,,,,,,,,,,,,,,,..
,,,,8?IM,=?+I,~=++~I:,,,I?+=,~+NOI?,O.=IO,,,DD:NZN,,,,,,,,,,,,,,,,,,,,,,,,..
,,,,?:Z:,,=,~7,,:D::,,,+,:I?:,265807NZ?===7:::7:,,::,:,,:,,,,,,,,,,,,,,,,,,,,,,,,.,
,,:,,=:,,~Z7I?,,:,,:=O~:::=,,=?ZIMOO7,,,?ZD,:,~:,:::,,,,,:,,,,,,,,,,,,,,,,,,..
,:::,8~I,DZ?,,:?,:?,:8:,.,,,:.,.N8+88,.,:=I:O.,,,,,,,,,,,,,,,,,,,,,,,,,.,,,,,,..
,,,::,Z:~8:$,,~::=I=NI77,:?:=DN+N,OZ???D8,M,,,,,,,,,,,,,,,,,,,,,,,,,,.,,,,,,..
,:,,,,:::O~:,:7,~=ND:M7:OIZ?DMMZZ?7+8O.I8+:,:::,,,:,,,,,.,,:,,,,,,,,,,,,,.,..
:,,:,::,:O+,,=?:,N7,+:,,,:+ZDOM7M8M~,:+8MMZI,I:,,,,,:,,,,,,,,,,,,,,.,,,,,,,,,...
,,::,=?7+OOO,,,:DOM::::,,,ZIIZN~DZZ7~8:,=O:~,,,,,,,,,,.,,,,,,,,,.,,.,.,,,,,,..
::,::=:?.:+D:I?NNIO:::,:::::,,,::N:7Z::,:,,,8?+,,,,,,,,:,:,,:,,,,,,,,,,,,,,,,...
:,,,,,OI~:I8DNZI:=I,,,,,,,,,,,,,,M,,N,,,,,,,,8M7:,,,,,,,.,,,,:,,,:,,,,,,,,,:,,..
,,,,,:7::N7,:,,,,,,,,,,,,,,,,~Z,M,,,,,,8?MM,,,,,,,,,,,,,,,,,,,,,,,,,,,,,,,..
,:,::NZ~,:==M~,,,::,::,::,:,,,,,,:Z~D,,,,~MN=D~~:,::,,,:,,,:::,,,,,,,,,,,,,,,,,,
,,,,,MI:,DZ:,,,,:,,,,,,,:,,,,,,,,=M?,,,:8MN7,.,,,::,,:,,:,::::::,:,,,,,,,,,:,,,,
,::::$:::O7,,,,,:::,:,,,,,,,,,,,:8MI,,:~=MO,,,,,,:,,,,,,,,,,,,,:,,,,,,,,,,,,,,..
:,:::==:MI=~M~:=:,:,~+:.:ON,,M.D:DM~:::~0::,,,:,,,,:,,,,,,,,,,,,,,,,,,,,,,,,,..
,:,,7MZ~,Z7O,:MI:~8=:~N.,N,,?8M::::=OM~:,.:,~:::,,N8MMN8OOI,:~:.:,,,,,,,,,
,:,:DMD~8DZI:,78,=,:O,,,,,,,,,,?M=M,,,:O+++8DDD0:,:=O,,OZDNZ~.ON:,=N,,M,~,,,,
::,,+OZD=:N7ZZ+=,?+,,:,:,.~?ND,,,:O:++:,,,,.,,:,OM+,8,,M,,,,,,,,,,,
,,::Z?7=DM=NO:+,:,,:::~,::,:,0:ZOOM+~M8:,,,,:::,:,,,,,,,,,,,,,:,,,,,,,,,,,,,,,,
:,,:,:=~~:,,,,,::,,::,,.,,,,,7:,,,,,,,,,,,,:,,,,,,,,,,,,,:::::,,,,,,,,,,:,,,,
,,,:::::,:,:::,,:::::,:,::,,,:,,:::,:,::,,:,,,,,::,,,,:,,,,,,,,,,,,,,,.,,,,,,,,,
                                                                 GlassGiant.com
Fri Sep  6 13:57:15 MST 2024
/home/u1/rplett/ccbb_projects
i1n13.ocelote.hpc.arizona.edu
--2024-09-06 13:57:15--  https://raw.githubusercontent.com/cusanovich/cmm522_code/main/gene_results.txt
Resolving raw.githubusercontent.com (raw.githubusercontent.com)... 185.199.111.133, 185.199.109.133, 185.199.108.133, ...
Connecting to raw.githubusercontent.com (raw.githubusercontent.com)|185.199.111.133|:443... connected.
HTTP request sent, awaiting response... 200 OK
Length: 103 [text/plain]
Saving to: ‘outputs/new_gene_results.txt’

     0K                                                       100% 5.67M=0s

2024-09-06 13:57:15 (5.67 MB/s) - ‘outputs/new_gene_results.txt’ saved [103/103]

Gene1	200	100	300	coding
Gene2	100	200	400	noncoding
Gene3	0	700	10	coding
Gene4	1000	2000	1500	coding
./outputs/an_important_file.txt
./outputs/new_gene_results.txt
./outputs/we_might_need_this.txt
bedtools is a powerful toolset for genome arithmetic.

Version:   v2.29.2
About:     developed in the quinlanlab.org and by many contributors worldwide.
Docs:      http://bedtools.readthedocs.io/
Code:      https://github.com/arq5x/bedtools2
Mail:      https://groups.google.com/forum/#!forum/bedtools-discuss

Usage:     bedtools <subcommand> [options]

The bedtools sub-commands include:

[ Genome arithmetic ]
    intersect     Find overlapping intervals in various ways.
    window        Find overlapping intervals within a window around an interval.
    closest       Find the closest, potentially non-overlapping interval.
    coverage      Compute the coverage over defined intervals.
    map           Apply a function to a column for each overlapping interval.
    genomecov     Compute the coverage over an entire genome.
    merge         Combine overlapping/nearby intervals into a single interval.
    cluster       Cluster (but don't merge) overlapping/nearby intervals.
    complement    Extract intervals _not_ represented by an interval file.
    shift         Adjust the position of intervals.
    subtract      Remove intervals based on overlaps b/w two files.
    slop          Adjust the size of intervals.
    flank         Create new intervals from the flanks of existing intervals.
    sort          Order the intervals in a file.
    random        Generate random intervals in a genome.
    shuffle       Randomly redistribute intervals in a genome.
    sample        Sample random records from file using reservoir sampling.
    spacing       Report the gap lengths between intervals in a file.
    annotate      Annotate coverage of features from multiple files.

[ Multi-way file comparisons ]
    multiinter    Identifies common intervals among multiple interval files.
    unionbedg     Combines coverage intervals from multiple BEDGRAPH files.

[ Paired-end manipulation ]
    pairtobed     Find pairs that overlap intervals in various ways.
    pairtopair    Find pairs that overlap other pairs in various ways.

[ Format conversion ]
    bamtobed      Convert BAM alignments to BED (& other) formats.
    bedtobam      Convert intervals to BAM records.
    bamtofastq    Convert BAM records to FASTQ records.
    bedpetobam    Convert BEDPE intervals to BAM records.
    bed12tobed6   Breaks BED12 intervals into discrete BED6 intervals.

[ Fasta manipulation ]
    getfasta      Use intervals to extract sequences from a FASTA file.
    maskfasta     Use intervals to mask sequences from a FASTA file.
    nuc           Profile the nucleotide content of intervals in a FASTA file.

[ BAM focused tools ]
    multicov      Counts coverage from multiple BAMs at specific intervals.
    tag           Tag BAM alignments based on overlaps with interval files.

[ Statistical relationships ]
    jaccard       Calculate the Jaccard statistic b/w two sets of intervals.
    reldist       Calculate the distribution of relative distances b/w two files.
    fisher        Calculate Fisher statistic b/w two feature files.

[ Miscellaneous tools ]
    overlap       Computes the amount of overlap from two intervals.
    igv           Create an IGV snapshot batch script.
    links         Create a HTML page of links to UCSC locations.
    makewindows   Make interval "windows" across a genome.
    groupby       Group by common cols. & summarize oth. cols. (~ SQL "groupBy")
    expand        Replicate lines based on lists of values in columns.
    split         Split a file into multiple files with equal records or base pairs.
    summary       Statistical summary of intervals in a file.

[ General help ]
    --help        Print this help menu.
    --version     What version of bedtools are you using?.
    --contact     Feature requests, bugs, mailing lists, etc.

There are at least 1 files in this directory
There are at least 2 files in this directory
There are at least 3 files in this directory
There are at least 4 files in this directory
There are at least 5 files in this directory
There are at least 6 files in this directory
There are at least 7 files in this directory
There are at least 8 files in this directory
There are at least 9 files in this directory
There are at least 10 files in this directory
There are at least 11 files in this directory
There are at least 12 files in this directory
There are at least 13 files in this directory
There are at least 14 files in this directory
There are at least 15 files in this directory
There are at least 16 files in this directory
There are at least 17 files in this directory
There are at least 18 files in this directory
Let me sleep 10 more seconds...
Let me sleep 9 more seconds...
Let me sleep 8 more seconds...
Let me sleep 7 more seconds...
Let me sleep 6 more seconds...
Let me sleep 5 more seconds...
The answer is: 42
